TN:
SF:src\pages\planner\PlannerRSVP.jsx
FN:4,PlannerRSVP
FN:33,processRSVP
FN:127,onClick
FNF:3
FNH:2
FNDA:56,PlannerRSVP
FNDA:14,processRSVP
FNDA:0,onClick
DA:1,1
DA:2,1
DA:4,56
DA:5,56
DA:6,56
DA:7,56
DA:8,56
DA:9,56
DA:10,56
DA:12,56
DA:15,16
DA:16,16
DA:19,16
DA:20,16
DA:21,14
DA:22,14
DA:23,14
DA:25,14
DA:26,16
DA:27,2
DA:28,2
DA:29,2
DA:30,56
DA:32,56
DA:33,30
DA:34,14
DA:35,14
DA:37,14
DA:40,14
DA:41,2
DA:42,2
DA:45,12
DA:46,12
DA:47,12
DA:48,12
DA:49,12
DA:50,12
DA:51,12
DA:52,12
DA:53,12
DA:55,14
DA:56,1
DA:57,1
DA:58,1
DA:61,9
DA:62,8
DA:63,8
DA:64,8
DA:66,8
DA:67,8
DA:68,8
DA:69,8
DA:70,7
DA:71,1
DA:72,14
DA:74,14
DA:75,0
DA:76,0
DA:77,14
DA:79,14
DA:80,1
DA:81,1
DA:82,14
DA:84,14
DA:85,5
DA:86,5
DA:87,14
DA:88,13
DA:89,13
DA:90,14
DA:92,30
DA:93,14
DA:94,30
DA:96,16
DA:97,16
DA:98,0
DA:99,0
DA:100,0
DA:101,56
DA:103,56
DA:104,42
DA:105,42
DA:106,42
DA:107,42
DA:108,42
DA:109,42
DA:110,42
DA:111,42
DA:112,42
DA:113,42
DA:115,42
DA:117,56
DA:118,7
DA:119,7
DA:120,7
DA:121,7
DA:122,7
DA:123,7
DA:124,7
DA:125,7
DA:126,7
DA:127,7
DA:128,7
DA:130,7
DA:131,7
DA:132,7
DA:133,7
DA:135,7
DA:137,56
DA:138,7
DA:140,7
DA:141,7
DA:142,7
DA:143,7
DA:144,7
DA:145,7
DA:146,7
DA:147,7
DA:149,7
DA:150,7
DA:151,7
DA:152,7
DA:153,7
DA:154,7
DA:155,7
DA:157,7
DA:158,7
DA:159,7
DA:160,7
DA:161,7
DA:162,7
DA:164,7
DA:166,7
DA:167,7
DA:168,7
DA:169,6
DA:170,1
DA:172,7
DA:174,7
DA:175,1
DA:177,1
DA:179,7
DA:181,7
DA:182,7
DA:183,7
DA:184,7
DA:185,7
DA:187,7
DA:188,7
DA:189,7
DA:190,7
DA:191,7
DA:192,7
DA:193,7
DA:195,7
DA:197,0
DA:198,0
LF:157
LH:150
BRDA:4,0,0,56
BRDA:103,1,0,42
BRDA:115,2,0,14
BRDA:117,3,0,7
BRDA:137,4,0,7
BRDA:149,5,0,6
BRDA:149,6,0,1
BRDA:153,7,0,6
BRDA:153,8,0,1
BRDA:158,9,0,0
BRDA:168,10,0,6
BRDA:169,11,0,0
BRDA:169,12,0,1
BRDA:170,13,0,0
BRDA:174,14,0,1
BRDA:183,15,0,0
BRDA:195,16,0,0
BRDA:12,17,0,16
BRDA:20,18,0,14
BRDA:26,19,0,2
BRDA:32,20,0,30
BRDA:92,21,0,14
BRDA:92,22,0,14
BRDA:92,23,0,14
BRDA:94,24,0,16
BRDA:97,25,0,0
BRDA:33,26,0,14
BRDA:40,27,0,3
BRDA:40,28,0,2
BRDA:42,29,0,12
BRDA:53,30,0,10
BRDA:55,31,0,1
BRDA:58,32,0,9
BRDA:61,33,0,8
BRDA:69,34,0,7
BRDA:70,35,0,1
BRDA:74,36,0,0
BRDA:79,37,0,1
BRDA:84,38,0,5
BRDA:87,39,0,13
BRF:40
BRH:33
end_of_record
