TN:
SF:src\pages\vendor\vendorReviews.jsx
FN:7,StarRating
FN:17,VendorReviews
FN:99,fetchReviews
FN:135,handleReply
FN:175,handleDeleteReply
FN:211,formatTime
FN:302,onClick
FN:312,onClick
FN:323,onChange
FN:340,onClick
FN:346,onClick
FNF:11
FNH:8
FNDA:9,StarRating
FNDA:28,VendorReviews
FNDA:12,fetchReviews
FNDA:2,handleReply
FNDA:0,handleDeleteReply
FNDA:9,formatTime
FNDA:1,onClick
FNDA:0,onClick
FNDA:2,onChange
FNDA:2,onClick
FNDA:0,onClick
DA:2,1
DA:3,1
DA:4,1
DA:5,1
DA:7,1
DA:8,9
DA:9,9
DA:10,45
DA:11,1
DA:12,1
DA:13,45
DA:14,9
DA:17,1
DA:18,28
DA:19,28
DA:20,28
DA:21,28
DA:22,28
DA:25,28
DA:26,9
DA:28,9
DA:29,9
DA:32,9
DA:34,0
DA:35,9
DA:37,0
DA:38,9
DA:40,0
DA:41,9
DA:43,9
DA:44,9
DA:46,0
DA:47,0
DA:48,0
DA:49,0
DA:50,0
DA:53,9
DA:54,0
DA:55,0
DA:56,0
DA:59,9
DA:60,9
DA:61,9
DA:62,9
DA:63,9
DA:65,9
DA:66,9
DA:67,9
DA:68,0
DA:69,0
DA:70,0
DA:71,0
DA:72,0
DA:73,0
DA:74,0
DA:75,0
DA:76,0
DA:78,0
DA:79,0
DA:80,0
DA:81,0
DA:82,0
DA:83,0
DA:84,9
DA:85,0
DA:86,0
DA:87,0
DA:88,28
DA:91,28
DA:92,6
DA:93,6
DA:94,6
DA:95,28
DA:98,28
DA:99,12
DA:100,12
DA:102,6
DA:103,6
DA:104,6
DA:106,6
DA:107,6
DA:108,6
DA:109,6
DA:110,6
DA:111,6
DA:112,6
DA:113,6
DA:114,6
DA:116,12
DA:118,4
DA:119,4
DA:121,4
DA:123,12
DA:124,12
DA:125,2
DA:126,2
DA:127,12
DA:128,6
DA:129,6
DA:130,12
DA:132,12
DA:133,28
DA:135,28
DA:136,2
DA:137,2
DA:138,0
DA:139,0
DA:140,0
DA:142,2
DA:143,2
DA:145,2
DA:146,2
DA:147,2
DA:148,2
DA:149,2
DA:150,2
DA:151,2
DA:152,2
DA:153,2
DA:154,2
DA:155,2
DA:157,2
DA:158,0
DA:159,0
DA:160,0
DA:162,2
DA:163,2
DA:164,2
DA:165,2
DA:166,0
DA:167,2
DA:168,2
DA:169,2
DA:170,0
DA:171,0
DA:172,0
DA:173,2
DA:175,28
DA:176,0
DA:177,0
DA:179,0
DA:180,0
DA:182,0
DA:183,0
DA:184,0
DA:185,0
DA:186,0
DA:187,0
DA:188,0
DA:189,0
DA:190,0
DA:191,0
DA:192,0
DA:194,0
DA:195,0
DA:196,0
DA:197,0
DA:199,0
DA:200,0
DA:201,0
DA:202,0
DA:203,0
DA:204,0
DA:205,0
DA:206,0
DA:207,0
DA:208,0
DA:211,28
DA:212,9
DA:213,9
DA:215,28
DA:216,18
DA:217,18
DA:218,18
DA:219,18
DA:222,28
DA:223,28
DA:226,8
DA:227,8
DA:228,8
DA:229,8
DA:230,8
DA:231,8
DA:232,8
DA:233,8
DA:236,8
DA:237,8
DA:238,9
DA:239,9
DA:240,9
DA:241,9
DA:242,8
DA:244,8
DA:245,8
DA:246,8
DA:247,8
DA:248,8
DA:249,8
DA:252,8
DA:253,8
DA:254,8
DA:255,8
DA:256,8
DA:257,8
DA:260,8
DA:263,8
DA:264,8
DA:265,32
DA:266,32
DA:267,32
DA:268,32
DA:269,32
DA:270,32
DA:271,32
DA:272,32
DA:273,32
DA:274,32
DA:275,8
DA:276,8
DA:279,8
DA:280,8
DA:281,9
DA:283,9
DA:285,9
DA:286,9
DA:287,9
DA:288,9
DA:289,9
DA:290,9
DA:291,9
DA:292,9
DA:294,9
DA:296,9
DA:297,3
DA:298,3
DA:299,3
DA:300,3
DA:301,3
DA:302,3
DA:303,1
DA:304,1
DA:305,1
DA:306,1
DA:307,1
DA:309,3
DA:311,3
DA:312,3
DA:313,3
DA:314,3
DA:317,9
DA:318,6
DA:319,6
DA:320,6
DA:321,6
DA:322,6
DA:323,6
DA:324,2
DA:325,2
DA:326,2
DA:327,2
DA:328,2
DA:329,2
DA:330,2
DA:331,2
DA:332,2
DA:333,0
DA:334,2
DA:335,2
DA:337,6
DA:338,6
DA:339,6
DA:340,6
DA:341,6
DA:342,6
DA:344,6
DA:345,6
DA:346,6
DA:347,0
DA:348,0
DA:349,0
DA:350,0
DA:351,0
DA:353,6
DA:355,6
DA:356,6
DA:357,6
DA:359,9
DA:361,8
DA:362,8
DA:363,8
DA:365,8
DA:367,1
LF:292
LH:218
BRDA:7,0,0,9
BRDA:9,1,0,45
BRDA:10,2,0,44
BRDA:10,3,0,1
BRDA:11,4,0,0
BRDA:17,5,0,28
BRDA:215,6,0,18
BRDA:219,7,0,10
BRDA:222,8,0,1
BRDA:222,9,0,9
BRDA:223,10,0,1
BRDA:223,11,0,8
BRDA:25,12,0,9
BRDA:26,13,0,0
BRDA:32,14,0,0
BRDA:32,15,0,0
BRDA:35,16,0,0
BRDA:35,17,0,0
BRDA:38,18,0,0
BRDA:38,19,0,0
BRDA:44,20,0,0
BRDA:53,21,0,0
BRDA:67,22,0,0
BRDA:84,23,0,0
BRDA:91,24,0,6
BRDA:98,25,0,12
BRDA:99,26,0,12
BRDA:100,27,0,6
BRDA:116,28,0,1
BRDA:116,29,0,4
BRDA:123,30,0,0
BRDA:124,31,0,2
BRDA:127,32,0,6
BRDA:135,33,0,2
BRDA:136,34,0,0
BRDA:137,35,0,0
BRDA:157,36,0,0
BRDA:169,37,0,0
BRDA:162,38,0,2
BRDA:163,39,0,2
BRDA:165,40,0,0
BRDA:211,41,0,9
BRDA:226,42,0,9
BRDA:226,43,0,0
BRDA:229,44,0,9
BRDA:229,45,0,0
BRDA:230,46,0,9
BRDA:230,47,0,0
BRDA:230,48,0,0
BRDA:231,49,0,9
BRDA:231,50,0,0
BRDA:231,51,0,0
BRDA:232,52,0,9
BRDA:232,53,0,0
BRDA:237,54,0,9
BRDA:238,55,0,0
BRDA:264,56,0,32
BRDA:280,57,0,9
BRDA:283,58,0,0
BRDA:296,59,0,6
BRDA:296,60,0,4
BRDA:296,61,0,3
BRDA:317,62,0,6
BRDA:317,63,0,4
BRDA:317,64,0,6
BRDA:322,65,0,3
BRDA:341,66,0,3
BRDA:302,67,0,1
BRDA:303,68,0,1
BRDA:304,69,0,1
BRDA:305,70,0,0
BRDA:323,71,0,2
BRDA:324,72,0,2
BRDA:325,73,0,2
BRDA:331,74,0,0
BRDA:332,75,0,0
BRDA:340,76,0,2
BRF:77
BRH:47
end_of_record
